<?xml version="1.0" encoding="UTF-8"?>
<testsuite xmlns:xsi="http://www.w3.org/2001/XMLSchema-instance" xsi:noNamespaceSchemaLocation="https://maven.apache.org/surefire/maven-surefire-plugin/xsd/surefire-test-report-3.0.xsd" version="3.0" name="com.project.TestMainUF6" time="0.776" tests="4" errors="0" skipped="0" failures="0">
  <properties>
    <property name="java.specification.version" value="19"/>
    <property name="sun.jnu.encoding" value="UTF-8"/>
    <property name="java.class.path" value="/home/albert/Documents/examen/MP03/resolt/Java/target/test-classes:/home/albert/Documents/examen/MP03/resolt/Java/target/classes:/home/albert/.m2/repository/org/junit/jupiter/junit-jupiter-api/5.10.2/junit-jupiter-api-5.10.2.jar:/home/albert/.m2/repository/org/opentest4j/opentest4j/1.3.0/opentest4j-1.3.0.jar:/home/albert/.m2/repository/org/junit/platform/junit-platform-commons/1.10.2/junit-platform-commons-1.10.2.jar:/home/albert/.m2/repository/org/apiguardian/apiguardian-api/1.1.2/apiguardian-api-1.1.2.jar:/home/albert/.m2/repository/org/junit/jupiter/junit-jupiter-engine/5.10.2/junit-jupiter-engine-5.10.2.jar:/home/albert/.m2/repository/org/junit/platform/junit-platform-engine/1.10.2/junit-platform-engine-1.10.2.jar:/home/albert/.m2/repository/com/github/stefanbirkner/system-lambda/1.2.1/system-lambda-1.2.1.jar:/home/albert/.m2/repository/org/xerial/sqlite-jdbc/3.45.3.0/sqlite-jdbc-3.45.3.0.jar:/home/albert/.m2/repository/org/slf4j/slf4j-api/1.7.36/slf4j-api-1.7.36.jar:/home/albert/.m2/repository/org/apache/logging/log4j/log4j-slf4j-impl/2.19.0/log4j-slf4j-impl-2.19.0.jar:/home/albert/.m2/repository/org/apache/logging/log4j/log4j-core/2.19.0/log4j-core-2.19.0.jar:/home/albert/.m2/repository/org/apache/logging/log4j/log4j-api/2.19.0/log4j-api-2.19.0.jar:"/>
    <property name="java.vm.vendor" value="Private Build"/>
    <property name="sun.arch.data.model" value="64"/>
    <property name="java.vendor.url" value="Unknown"/>
    <property name="user.timezone" value="Europe/Paris"/>
    <property name="os.name" value="Linux"/>
    <property name="java.vm.specification.version" value="19"/>
    <property name="sun.java.launcher" value="SUN_STANDARD"/>
    <property name="user.country" value="US"/>
    <property name="sun.boot.library.path" value="/usr/lib/jvm/java-19-openjdk-amd64/lib"/>
    <property name="sun.java.command" value="/home/albert/Documents/examen/MP03/resolt/Java/target/surefire/surefirebooter-20240607152548968_3.jar /home/albert/Documents/examen/MP03/resolt/Java/target/surefire 2024-06-07T15-25-48_873-jvmRun1 surefire-20240607152548968_1tmp surefire_0-20240607152548968_2tmp"/>
    <property name="jdk.debug" value="release"/>
    <property name="test" value="com.project.TestMainUF6"/>
    <property name="surefire.test.class.path" value="/home/albert/Documents/examen/MP03/resolt/Java/target/test-classes:/home/albert/Documents/examen/MP03/resolt/Java/target/classes:/home/albert/.m2/repository/org/junit/jupiter/junit-jupiter-api/5.10.2/junit-jupiter-api-5.10.2.jar:/home/albert/.m2/repository/org/opentest4j/opentest4j/1.3.0/opentest4j-1.3.0.jar:/home/albert/.m2/repository/org/junit/platform/junit-platform-commons/1.10.2/junit-platform-commons-1.10.2.jar:/home/albert/.m2/repository/org/apiguardian/apiguardian-api/1.1.2/apiguardian-api-1.1.2.jar:/home/albert/.m2/repository/org/junit/jupiter/junit-jupiter-engine/5.10.2/junit-jupiter-engine-5.10.2.jar:/home/albert/.m2/repository/org/junit/platform/junit-platform-engine/1.10.2/junit-platform-engine-1.10.2.jar:/home/albert/.m2/repository/com/github/stefanbirkner/system-lambda/1.2.1/system-lambda-1.2.1.jar:/home/albert/.m2/repository/org/xerial/sqlite-jdbc/3.45.3.0/sqlite-jdbc-3.45.3.0.jar:/home/albert/.m2/repository/org/slf4j/slf4j-api/1.7.36/slf4j-api-1.7.36.jar:/home/albert/.m2/repository/org/apache/logging/log4j/log4j-slf4j-impl/2.19.0/log4j-slf4j-impl-2.19.0.jar:/home/albert/.m2/repository/org/apache/logging/log4j/log4j-core/2.19.0/log4j-core-2.19.0.jar:/home/albert/.m2/repository/org/apache/logging/log4j/log4j-api/2.19.0/log4j-api-2.19.0.jar:"/>
    <property name="sun.cpu.endian" value="little"/>
    <property name="user.home" value="/home/albert"/>
    <property name="user.language" value="en"/>
    <property name="java.specification.vendor" value="Oracle Corporation"/>
    <property name="java.version.date" value="2023-01-17"/>
    <property name="java.home" value="/usr/lib/jvm/java-19-openjdk-amd64"/>
    <property name="file.separator" value="/"/>
    <property name="basedir" value="/home/albert/Documents/examen/MP03/resolt/Java"/>
    <property name="java.vm.compressedOopsMode" value="32-bit"/>
    <property name="line.separator" value="&#10;"/>
    <property name="java.vm.specification.vendor" value="Oracle Corporation"/>
    <property name="java.specification.name" value="Java Platform API Specification"/>
    <property name="surefire.real.class.path" value="/home/albert/Documents/examen/MP03/resolt/Java/target/surefire/surefirebooter-20240607152548968_3.jar"/>
    <property name="sun.management.compiler" value="HotSpot 64-Bit Tiered Compilers"/>
    <property name="java.runtime.version" value="19.0.2+7-Ubuntu-0ubuntu322.04"/>
    <property name="user.name" value="albert"/>
    <property name="stdout.encoding" value="UTF-8"/>
    <property name="path.separator" value=":"/>
    <property name="os.version" value="6.5.0-28-generic"/>
    <property name="java.runtime.name" value="OpenJDK Runtime Environment"/>
    <property name="file.encoding" value="UTF-8"/>
    <property name="java.vm.name" value="OpenJDK 64-Bit Server VM"/>
    <property name="localRepository" value="/home/albert/.m2/repository"/>
    <property name="java.vendor.url.bug" value="Unknown"/>
    <property name="java.io.tmpdir" value="/tmp"/>
    <property name="java.version" value="19.0.2"/>
    <property name="user.dir" value="/home/albert/Documents/examen/MP03/resolt/Java"/>
    <property name="os.arch" value="amd64"/>
    <property name="java.vm.specification.name" value="Java Virtual Machine Specification"/>
    <property name="native.encoding" value="UTF-8"/>
    <property name="environment" value="test"/>
    <property name="java.library.path" value="/home/albert/GNUstep/Library/Libraries:/usr/GNUstep/Local/Library/Libraries:/usr/GNUstep/System/Library/Libraries:/usr/java/packages/lib:/usr/lib/x86_64-linux-gnu/jni:/lib/x86_64-linux-gnu:/usr/lib/x86_64-linux-gnu:/usr/lib/jni:/lib:/usr/lib"/>
    <property name="java.vm.info" value="mixed mode, sharing"/>
    <property name="stderr.encoding" value="UTF-8"/>
    <property name="java.vendor" value="Private Build"/>
    <property name="java.vm.version" value="19.0.2+7-Ubuntu-0ubuntu322.04"/>
    <property name="sun.io.unicode.encoding" value="UnicodeLittle"/>
    <property name="java.class.version" value="63.0"/>
  </properties>
  <testcase name="testMainOutput" classname="com.project.TestMainUF6" time="0.695"/>
  <testcase name="testFunctionality" classname="com.project.TestMainUF6" time="0.021">
    <system-out><![CDATA[Llista de dispositius:
[deviceId=1, name='Laptop-1', location='Room 101', type='Laptop', purchaseDate=2022-01-10]
[deviceId=2, name='Scanner-1', location='Room 202', type='Scanner', purchaseDate=2021-07-15]
[deviceId=3, name='Router-1', location='Networking', type='Router', purchaseDate=2020-09-05]

Llista de reparacions:
[repairId=1, deviceId=1, technician='Alex Brown', repairDate=2023-04-12 23:45:00.0, description='Updated firmware']
[repairId=2, deviceId=2, technician='Sara White', repairDate=2023-08-01 10:30:00.0, description='Replaced scanning lamp']
[repairId=3, deviceId=3, technician='Tom Green', repairDate=2023-12-15 14:20:00.0, description='Reset to factory settings']

Llista de dispositius després de modificar la localització:
[deviceId=1, name='Laptop-1', location='Room 102', type='Laptop', purchaseDate=2022-01-10]
[deviceId=2, name='Scanner-1', location='Room 202', type='Scanner', purchaseDate=2021-07-15]
[deviceId=3, name='Router-1', location='Networking', type='Router', purchaseDate=2020-09-05]

Freqüència de reparacions per dispositiu:
Device ID: 1, Repair Count: 1
Device ID: 2, Repair Count: 1
Device ID: 3, Repair Count: 1

Filtrar reparacions per tècnic 'Alex Brown':
[repairId=1, deviceId=1, technician='Alex Brown', repairDate=2023-04-12 23:45:00.0, description='Updated firmware']

Total de reparacions per tipus de dispositiu 'Scanner': 1
Oldest Device: [deviceId=3, name='Router-1', location='Networking', type='Router', purchaseDate=2020-09-05]
]]></system-out>
  </testcase>
  <testcase name="testMainTables" classname="com.project.TestMainUF6" time="0.024"/>
  <testcase name="testMainCalls" classname="com.project.TestMainUF6" time="0.003"/>
</testsuite>